{
  "RSpec": {
    "coverage": {
      "/Users/anupam/Downloads/code/test_log_parser/sp_log_parser/lib/analyser/log_analyser.rb": {
        "lines": [
          null,
          null,
          1,
          1,
          1,
          2,
          null,
          null,
          1,
          null,
          1,
          2,
          2,
          null,
          null,
          1,
          12,
          null,
          null,
          1,
          12,
          null,
          null,
          null
        ]
      },
      "/Users/anupam/Downloads/code/test_log_parser/sp_log_parser/lib/parser/log_parser.rb": {
        "lines": [
          null,
          null,
          1,
          1,
          1,
          1,
          null,
          1,
          1,
          1,
          null,
          1,
          3,
          9,
          9,
          null,
          null,
          1,
          3,
          null,
          null,
          1,
          null,
          1,
          3,
          9,
          8,
          8,
          null,
          1,
          null,
          null,
          1,
          null,
          null
        ]
      },
      "/Users/anupam/Downloads/code/test_log_parser/sp_log_parser/lib/parser/log_reader.rb": {
        "lines": [
          null,
          null,
          1,
          1,
          null,
          1,
          1,
          1,
          null,
          1,
          4,
          null,
          null,
          1,
          null,
          1,
          4,
          3,
          null,
          null,
          1,
          null,
          null
        ]
      },
      "/Users/anupam/Downloads/code/test_log_parser/sp_log_parser/lib/validator/log_validator.rb": {
        "lines": [
          null,
          null,
          1,
          1,
          1,
          4,
          null,
          null,
          1,
          9,
          null,
          null,
          null
        ]
      },
      "/Users/anupam/Downloads/code/test_log_parser/sp_log_parser/lib/presenter/log_presenter.rb": {
        "lines": [
          null,
          null,
          1,
          1,
          1,
          2,
          2,
          null,
          null,
          1,
          2,
          null,
          null,
          1,
          null,
          1,
          2,
          2,
          2,
          12,
          null,
          null,
          1,
          null,
          null
        ]
      },
      "/Users/anupam/Downloads/code/test_log_parser/sp_log_parser/spec/analyser/log_analyser_spec.rb": {
        "lines": [
          null,
          null,
          1,
          3,
          null,
          1,
          2,
          null,
          null,
          null,
          null,
          null,
          null,
          null,
          null,
          null,
          null,
          null,
          null,
          null,
          null,
          1,
          1,
          1,
          6,
          1,
          11,
          11,
          null,
          1,
          null,
          null,
          1,
          1,
          null,
          null,
          1,
          1,
          null,
          null,
          null,
          1,
          1,
          6,
          1,
          11,
          11,
          null,
          1,
          null,
          null,
          1,
          1,
          null,
          null,
          1,
          1,
          null,
          null,
          null,
          null
        ]
      },
      "/Users/anupam/Downloads/code/test_log_parser/sp_log_parser/spec/parser/log_parser_spec.rb": {
        "lines": [
          null,
          null,
          1,
          null,
          1,
          4,
          null,
          1,
          2,
          12,
          2,
          null,
          null,
          null,
          1,
          1,
          null,
          null,
          null,
          null,
          null,
          null,
          null,
          null,
          null,
          null,
          1,
          1,
          2,
          null,
          1,
          1,
          1,
          null,
          null,
          null,
          1,
          2,
          null,
          1,
          2,
          null,
          null,
          null,
          1,
          1,
          1,
          null,
          null,
          null,
          null,
          null,
          2,
          null,
          1,
          2,
          null,
          null,
          null,
          null
        ]
      },
      "/Users/anupam/Downloads/code/test_log_parser/sp_log_parser/spec/parser/log_reader_spec.rb": {
        "lines": [
          null,
          null,
          1,
          null,
          1,
          2,
          null,
          1,
          1,
          2,
          null,
          2,
          null,
          1,
          1,
          null,
          null,
          null,
          null
        ]
      },
      "/Users/anupam/Downloads/code/test_log_parser/sp_log_parser/spec/presenter/log_presenter_spec.rb": {
        "lines": [
          null,
          null,
          1,
          3,
          null,
          1,
          1,
          2,
          2,
          1,
          1,
          null,
          null,
          1,
          1,
          null,
          null,
          null,
          1,
          2,
          2,
          1,
          1,
          null,
          null,
          1,
          1,
          null,
          null,
          null,
          null
        ]
      }
    },
    "timestamp": 1666137859
  }
}
